<?xml version="1.0" encoding="UTF-8"?>
<testsuite xmlns:xsi="http://www.w3.org/2001/XMLSchema-instance" xsi:noNamespaceSchemaLocation="https://maven.apache.org/surefire/maven-surefire-plugin/xsd/surefire-test-report-3.0.xsd" version="3.0" name="org.proyectosgcs.springcloud.msvc.atencionmedica.AtencionmedicaApplicationTests" time="9.597" tests="1" errors="0" skipped="0" failures="0">
  <properties>
[...]
</properties>
  <testcase name="contextLoads" classname="org.proyectosgcs.springcloud.msvc.atencionmedica.AtencionmedicaApplicationTests" time="0.751">
    <system-out><![CDATA[02:30:33.670 [main] INFO org.springframework.test.context.support.AnnotationConfigContextLoaderUtils -- Could not detect default configuration classes for test class [org.proyectosgcs.springcloud.msvc.atencionmedica.AtencionmedicaApplicationTests]: AtencionmedicaApplicationTests does not declare any static, non-private, non-final, nested classes annotated with @Configuration.
02:30:33.824 [main] INFO org.springframework.boot.test.context.SpringBootTestContextBootstrapper -- Found @SpringBootConfiguration org.proyectosgcs.springcloud.msvc.atencionmedica.MsvcAtencionMedica for test class org.proyectosgcs.springcloud.msvc.atencionmedica.AtencionmedicaApplicationTests
02:30:34.099 [main] INFO org.springframework.boot.devtools.restart.RestartApplicationListener -- Restart disabled due to context in which it is running

  .   ____          _            __ _ _
 /\\ / ___'_ __ _ _(_)_ __  __ _ \ \ \ \
( ( )\___ | '_ | '_| | '_ \/ _` | \ \ \ \
 \\/  ___)| |_)| | | | | || (_| |  ) ) ) )
  '  |____| .__|_| |_|_| |_\__, | / / / /
 =========|_|==============|___/=/_/_/_/
 :: Spring Boot ::                (v3.2.5)

2024-05-21T02:30:34.665-05:00  INFO 18040 --- [msvc-atencionmedica] [           main] o.p.s.m.a.AtencionmedicaApplicationTests : Starting AtencionmedicaApplicationTests using Java 22.0.1 with PID 18040 (started by Richard in C:\Users\Richard\Documents\PROYECTOS\Software 3\ProyectoSGCS\msvc-atencionmedica)
2024-05-21T02:30:34.667-05:00  INFO 18040 --- [msvc-atencionmedica] [           main] o.p.s.m.a.AtencionmedicaApplicationTests : No active profile set, falling back to 1 default profile: "default"
2024-05-21T02:30:35.967-05:00  INFO 18040 --- [msvc-atencionmedica] [           main] .s.d.r.c.RepositoryConfigurationDelegate : Bootstrapping Spring Data JPA repositories in DEFAULT mode.
2024-05-21T02:30:36.047-05:00  INFO 18040 --- [msvc-atencionmedica] [           main] .s.d.r.c.RepositoryConfigurationDelegate : Finished Spring Data repository scanning in 67 ms. Found 3 JPA repository interfaces.
2024-05-21T02:30:36.384-05:00  INFO 18040 --- [msvc-atencionmedica] [           main] o.s.cloud.context.scope.GenericScope     : BeanFactory id=4e6eb6c1-1ead-3f64-90ea-4111d2791e10
2024-05-21T02:30:36.811-05:00  INFO 18040 --- [msvc-atencionmedica] [           main] com.zaxxer.hikari.HikariDataSource       : HikariPool-1 - Starting...
2024-05-21T02:30:38.270-05:00  INFO 18040 --- [msvc-atencionmedica] [           main] com.zaxxer.hikari.pool.HikariPool        : HikariPool-1 - Added connection com.mysql.cj.jdbc.ConnectionImpl@7d3691e1
2024-05-21T02:30:38.273-05:00  INFO 18040 --- [msvc-atencionmedica] [           main] com.zaxxer.hikari.HikariDataSource       : HikariPool-1 - Start completed.
2024-05-21T02:30:38.328-05:00  INFO 18040 --- [msvc-atencionmedica] [           main] o.hibernate.jpa.internal.util.LogHelper  : HHH000204: Processing PersistenceUnitInfo [name: default]
2024-05-21T02:30:38.404-05:00  INFO 18040 --- [msvc-atencionmedica] [           main] org.hibernate.Version                    : HHH000412: Hibernate ORM core version 6.4.4.Final
2024-05-21T02:30:38.440-05:00  INFO 18040 --- [msvc-atencionmedica] [           main] o.h.c.internal.RegionFactoryInitiator    : HHH000026: Second-level cache disabled
2024-05-21T02:30:38.722-05:00  INFO 18040 --- [msvc-atencionmedica] [           main] o.s.o.j.p.SpringPersistenceUnitInfo      : No LoadTimeWeaver setup: ignoring JPA class transformer
2024-05-21T02:30:40.001-05:00  INFO 18040 --- [msvc-atencionmedica] [           main] o.h.e.t.j.p.i.JtaPlatformInitiator       : HHH000489: No JTA platform available (set 'hibernate.transaction.jta.platform' to enable JTA platform integration)
2024-05-21T02:30:40.004-05:00  INFO 18040 --- [msvc-atencionmedica] [           main] j.LocalContainerEntityManagerFactoryBean : Initialized JPA EntityManagerFactory for persistence unit 'default'
2024-05-21T02:30:40.361-05:00  INFO 18040 --- [msvc-atencionmedica] [           main] o.s.d.j.r.query.QueryEnhancerFactory     : Hibernate is in classpath; If applicable, HQL parser will be used.
2024-05-21T02:30:41.221-05:00  WARN 18040 --- [msvc-atencionmedica] [           main] JpaBaseConfiguration$JpaWebConfiguration : spring.jpa.open-in-view is enabled by default. Therefore, database queries may be performed during view rendering. Explicitly configure spring.jpa.open-in-view to disable this warning
2024-05-21T02:30:42.222-05:00  INFO 18040 --- [msvc-atencionmedica] [           main] o.p.s.m.a.AtencionmedicaApplicationTests : Started AtencionmedicaApplicationTests in 8.153 seconds (process running for 9.657)
]]></system-out>
    <system-err><![CDATA[WARNING: A Java agent has been loaded dynamically (C:\Users\Richard\.m2\repository\net\bytebuddy\byte-buddy-agent\1.14.13\byte-buddy-agent-1.14.13.jar)
WARNING: If a serviceability tool is in use, please run with -XX:+EnableDynamicAgentLoading to hide this warning
WARNING: If a serviceability tool is not in use, please run with -Djdk.instrument.traceUsage for more information
WARNING: Dynamic loading of agents will be disallowed by default in a future release
]]></system-err>
  </testcase>
</testsuite>